<?xml version="1.0" encoding="UTF-8"?>
<testng-results skipped="0" failed="0" total="1" passed="1">
  <reporter-output>
  </reporter-output>
  <suite name="Suite" duration-ms="28262" started-at="2021-05-01T14:34:03Z" finished-at="2021-05-01T14:34:31Z">
    <groups>
    </groups>
    <test name="Test" duration-ms="28262" started-at="2021-05-01T14:34:03Z" finished-at="2021-05-01T14:34:31Z">
      <class name="com.test.MavenActitime.TestActitime">
        <test-method status="PASS" signature="loginMethod()[pri:0, instance:com.test.MavenActitime.TestActitime@148080bb]" name="loginMethod" is-config="true" duration-ms="24699" started-at="2021-05-01T20:04:03Z" finished-at="2021-05-01T20:04:28Z">
          <reporter-output>
          </reporter-output>
        </test-method> <!-- loginMethod -->
        <test-method status="PASS" signature="actiTimeTest()[pri:0, instance:com.test.MavenActitime.TestActitime@148080bb]" name="actiTimeTest" duration-ms="3441" started-at="2021-05-01T20:04:28Z" finished-at="2021-05-01T20:04:31Z">
          <reporter-output>
          </reporter-output>
        </test-method> <!-- actiTimeTest -->
      </class> <!-- com.test.MavenActitime.TestActitime -->
    </test> <!-- Test -->
  </suite> <!-- Suite -->
</testng-results>
